<?xml version="1.0" encoding="UTF-8"?>
<!-- Generated by org.testng.reporters.JUnitXMLReporter -->
<testsuite ignored="1" hostname="DESKTOP-UMPB2KF" failures="2" tests="6" name="Test" time="33.396" errors="0" timestamp="2023-08-23T09:17:17 IST">
  <testcase classname="maven1.Testprg" name="cart" time="0.032">
    <failure type="java.lang.NullPointerException" message="Cannot invoke &amp;quot;org.openqa.selenium.WebDriver.getWindowHandles()&amp;quot; because &amp;quot;maven1.Baseclass.r&amp;quot; is null">
      <![CDATA[java.lang.NullPointerException: Cannot invoke "org.openqa.selenium.WebDriver.getWindowHandles()" because "maven1.Baseclass.r" is null
at maven1.Baseclass.cart(Baseclass.java:47)
at maven1.Testprg.cart(Testprg.java:23)
at java.base/java.util.ArrayList.forEach(ArrayList.java:1511)
... Removed 25 stack frames]]>
    </failure>
  </testcase> <!-- cart -->
  <testcase classname="maven1.Testprg" name="check" time="0.011">
    <failure type="java.lang.NullPointerException" message="Cannot invoke &amp;quot;org.openqa.selenium.JavascriptExecutor.executeScript(String, Object[])&amp;quot; because &amp;quot;j&amp;quot; is null">
      <![CDATA[java.lang.NullPointerException: Cannot invoke "org.openqa.selenium.JavascriptExecutor.executeScript(String, Object[])" because "j" is null
at maven1.Baseclass.check(Baseclass.java:59)
at maven1.Testprg.check(Testprg.java:27)
at java.base/java.util.ArrayList.forEach(ArrayList.java:1511)
... Removed 25 stack frames]]>
    </failure>
  </testcase> <!-- check -->
  <testcase classname="maven1.Testprg" name="launch" time="23.907"/>
  <testcase classname="maven1.Testprg" name="login" time="3.839"/>
  <testcase classname="maven1.Testprg" name="product" time="4.191"/>
  <testcase classname="maven1.Testprg" name="ss" time="1.247"/>
  <testcase classname="maven1.Testprg" name="signout" time="0.0">
    <ignored/>
  </testcase> <!-- signout -->
</testsuite> <!-- Test -->
