<?xml version="1.0" encoding="UTF-8"?>
<testng-results ignored="0" total="1" passed="1" failed="0" skipped="0">
  <reporter-output>
  </reporter-output>
  <suite started-at="2023-08-25T17:07:13 IST" name="Default suite" finished-at="2023-08-25T17:07:31 IST" duration-ms="17652">
    <groups>
    </groups>
    <test started-at="2023-08-25T17:07:13 IST" name="Default test" finished-at="2023-08-25T17:07:31 IST" duration-ms="17652">
      <class name="run.Run">
        <test-method signature="main()[pri:0, instance:run.Run@3270d194]" started-at="2023-08-25T17:07:13 IST" name="main" finished-at="2023-08-25T17:07:31 IST" duration-ms="17576" status="PASS">
          <reporter-output>
          </reporter-output>
        </test-method> <!-- main -->
      </class> <!-- run.Run -->
    </test> <!-- Default test -->
  </suite> <!-- Default suite -->
</testng-results>
