<?xml version="1.0" encoding="UTF-8"?>
<testng-results ignored="0" total="8" passed="8" failed="0" skipped="0">
  <reporter-output>
  </reporter-output>
  <suite started-at="2023-09-13T10:12:13 IST" name="Default suite" finished-at="2023-09-13T10:12:29 IST" duration-ms="15967">
    <groups>
    </groups>
    <test started-at="2023-09-13T10:12:13 IST" name="Default test" finished-at="2023-09-13T10:12:29 IST" duration-ms="15967">
      <class name="Runner.Bankrun">
        <test-method signature="Run()[pri:0, instance:Runner.Bankrun@2df3b89c]" started-at="2023-09-13T10:12:14 IST" name="Run" finished-at="2023-09-13T10:12:22 IST" duration-ms="8465" status="PASS">
          <reporter-output>
          </reporter-output>
        </test-method> <!-- Run -->
        <test-method signature="login()[pri:0, instance:Runner.Bankrun@2df3b89c]" started-at="2023-09-13T10:12:22 IST" name="login" finished-at="2023-09-13T10:12:23 IST" depends-on-methods="Runner.Bankrun.Run" duration-ms="744" status="PASS">
          <reporter-output>
          </reporter-output>
        </test-method> <!-- login -->
        <test-method signature="details()[pri:0, instance:Runner.Bankrun@2df3b89c]" started-at="2023-09-13T10:12:23 IST" name="details" finished-at="2023-09-13T10:12:23 IST" depends-on-methods="Runner.Bankrun.login" duration-ms="218" status="PASS">
          <reporter-output>
          </reporter-output>
        </test-method> <!-- details -->
        <test-method signature="openacc()[pri:0, instance:Runner.Bankrun@2df3b89c]" started-at="2023-09-13T10:12:23 IST" name="openacc" finished-at="2023-09-13T10:12:23 IST" depends-on-methods="Runner.Bankrun.details" duration-ms="369" status="PASS">
          <reporter-output>
          </reporter-output>
        </test-method> <!-- openacc -->
        <test-method signature="amt()[pri:0, instance:Runner.Bankrun@2df3b89c]" started-at="2023-09-13T10:12:23 IST" name="amt" finished-at="2023-09-13T10:12:25 IST" depends-on-methods="Runner.Bankrun.openacc" duration-ms="1275" status="PASS">
          <reporter-output>
          </reporter-output>
        </test-method> <!-- amt -->
        <test-method signature="deposite()[pri:0, instance:Runner.Bankrun@2df3b89c]" started-at="2023-09-13T10:12:25 IST" name="deposite" finished-at="2023-09-13T10:12:26 IST" depends-on-methods="Runner.Bankrun.amt" duration-ms="1499" status="PASS">
          <reporter-output>
          </reporter-output>
        </test-method> <!-- deposite -->
        <test-method signature="trans()[pri:0, instance:Runner.Bankrun@2df3b89c]" started-at="2023-09-13T10:12:26 IST" name="trans" finished-at="2023-09-13T10:12:27 IST" depends-on-methods="Runner.Bankrun.deposite" duration-ms="914" status="PASS">
          <reporter-output>
          </reporter-output>
        </test-method> <!-- trans -->
        <test-method signature="withdraw()[pri:0, instance:Runner.Bankrun@2df3b89c]" started-at="2023-09-13T10:12:27 IST" name="withdraw" finished-at="2023-09-13T10:12:29 IST" depends-on-methods="Runner.Bankrun.trans" duration-ms="2394" status="PASS">
          <reporter-output>
          </reporter-output>
        </test-method> <!-- withdraw -->
      </class> <!-- Runner.Bankrun -->
    </test> <!-- Default test -->
  </suite> <!-- Default suite -->
</testng-results>
