<?xml version="1.0" encoding="UTF-8"?>
<!-- Generated by org.testng.reporters.JUnitXMLReporter -->
<testsuite ignored="0" hostname="DESKTOP-UMPB2KF" failures="0" tests="8" name="Default test(failed)" time="15.08" errors="0" timestamp="2023-09-13T09:54:19 IST">
  <testcase classname="Runner.Bankrun" name="Run" time="8.901"/>
  <testcase classname="Runner.Bankrun" name="login" time="1.287"/>
  <testcase classname="Runner.Bankrun" name="details" time="0.182"/>
  <testcase classname="Runner.Bankrun" name="openacc" time="0.414"/>
  <testcase classname="Runner.Bankrun" name="amt" time="1.16"/>
  <testcase classname="Runner.Bankrun" name="deposite" time="1.574"/>
  <testcase classname="Runner.Bankrun" name="trans" time="0.883"/>
  <testcase classname="Runner.Bankrun" name="withdraw" time="0.588"/>
</testsuite> <!-- Default test(failed) -->
